[ 2017-09-05T20:10:38+08:00 ] ::1 /blog/
INFO: [ app_init ] --START--
INFO: Run Behavior\BuildLiteBehavior [ RunTime:0.000000s ]
INFO: [ app_init ] --END-- [ RunTime:0.008001s ]
INFO: [ app_begin ] --START--
INFO: Run Behavior\ReadHtmlCacheBehavior [ RunTime:0.013000s ]
INFO: [ app_begin ] --END-- [ RunTime:0.013000s ]
SQL: SHOW COLUMNS FROM `blog_cate` [ RunTime:1.7851s ]
SQL: SELECT * FROM `blog_cate` ORDER BY sort  [ RunTime:0.0650s ]
SQL: SHOW COLUMNS FROM `blog_article` [ RunTime:0.3500s ]
SQL: SELECT * FROM `blog_article` ORDER BY time desc LIMIT 6   [ RunTime:0.0290s ]
SQL: SHOW COLUMNS FROM `blog_link` [ RunTime:0.0320s ]
SQL: SELECT * FROM `blog_link`  [ RunTime:0.0000s ]
SQL: SHOW COLUMNS FROM `blog_article` [ RunTime:0.0010s ]
SQL: SHOW COLUMNS FROM `blog_cate` [ RunTime:0.0010s ]
SQL: SELECT Article.id AS id,Article.title AS title,Article.descr AS descr,Article.pic AS pic,Article.time AS time,Article.cateid AS cateid,Article.recommend AS recommend,Cate.catename AS catename FROM blog_article Article LEFT JOIN blog_cate Cate ON Article.cateid=Cate.id WHERE Article.recommend = '是' ORDER BY Article.time desc LIMIT 3   [ RunTime:0.6970s ]
SQL: select DATE_FORMAT(time,"%Y-%m") as date_mon,count(*) as count from blog_article group by DATE_FORMAT(time,"%Y-%m") [ RunTime:1.0161s ]
SQL: SELECT Article.id AS id,Article.title AS title,Article.descr AS descr,Article.pic AS pic,Article.time AS time,Article.cateid AS cateid,Article.recommend AS recommend,Cate.catename AS catename FROM blog_article Article LEFT JOIN blog_cate Cate ON Article.cateid=Cate.id ORDER BY Article.time desc LIMIT 4   [ RunTime:0.2300s ]
INFO: [ view_parse ] --START--
INFO: [ template_filter ] --START--
INFO: Run Behavior\ContentReplaceBehavior [ RunTime:0.001000s ]
INFO: [ template_filter ] --END-- [ RunTime:0.001000s ]
NOTIC: [8] Undefined variable: cateid F:\AppServ\www\blog\Application\Runtime\Cache\Home\2a94b8bda04ff446dcedd42276fc99ee.php 第 23 行.
NOTIC: [8] Undefined variable: cateid F:\AppServ\www\blog\Application\Runtime\Cache\Home\2a94b8bda04ff446dcedd42276fc99ee.php 第 23 行.
NOTIC: [8] Undefined variable: cateid F:\AppServ\www\blog\Application\Runtime\Cache\Home\2a94b8bda04ff446dcedd42276fc99ee.php 第 23 行.
NOTIC: [8] Undefined variable: cateid F:\AppServ\www\blog\Application\Runtime\Cache\Home\2a94b8bda04ff446dcedd42276fc99ee.php 第 23 行.
INFO: Run Behavior\ParseTemplateBehavior [ RunTime:0.101006s ]
INFO: [ view_parse ] --END-- [ RunTime:0.101006s ]
INFO: [ view_filter ] --START--
INFO: Run Behavior\WriteHtmlCacheBehavior [ RunTime:0.017001s ]
INFO: [ view_filter ] --END-- [ RunTime:0.017001s ]
INFO: [ app_end ] --START--
INFO: Run Behavior\ShowPageTraceBehavior [ RunTime:0.015001s ]
INFO: [ app_end ] --END-- [ RunTime:0.015001s ]

[ 2017-09-05T20:10:58+08:00 ] ::1 /blog/index.php/Home/Cate/index/cid/10
INFO: [ app_init ] --START--
INFO: Run Behavior\BuildLiteBehavior [ RunTime:0.000000s ]
INFO: [ app_init ] --END-- [ RunTime:0.001000s ]
INFO: [ app_begin ] --START--
INFO: Run Behavior\ReadHtmlCacheBehavior [ RunTime:0.001000s ]
INFO: [ app_begin ] --END-- [ RunTime:0.001000s ]
SQL: SHOW COLUMNS FROM `blog_cate` [ RunTime:0.0720s ]
SQL: SELECT * FROM `blog_cate` ORDER BY sort  [ RunTime:0.0010s ]
SQL: SHOW COLUMNS FROM `blog_article` [ RunTime:0.0580s ]
SQL: SELECT * FROM `blog_article` ORDER BY time desc LIMIT 6   [ RunTime:0.0010s ]
SQL: SHOW COLUMNS FROM `blog_link` [ RunTime:0.0150s ]
SQL: SELECT * FROM `blog_link`  [ RunTime:0.0000s ]
SQL: SHOW COLUMNS FROM `blog_article` [ RunTime:0.0010s ]
SQL: SHOW COLUMNS FROM `blog_cate` [ RunTime:0.0010s ]
SQL: SELECT Article.id AS id,Article.title AS title,Article.descr AS descr,Article.pic AS pic,Article.time AS time,Article.cateid AS cateid,Article.recommend AS recommend,Cate.catename AS catename FROM blog_article Article LEFT JOIN blog_cate Cate ON Article.cateid=Cate.id WHERE Article.recommend = '是' ORDER BY Article.time desc LIMIT 3   [ RunTime:0.0010s ]
SQL: select DATE_FORMAT(time,"%Y-%m") as date_mon,count(*) as count from blog_article group by DATE_FORMAT(time,"%Y-%m") [ RunTime:0.0010s ]
SQL: SELECT COUNT(*) AS tp_count FROM blog_article Article LEFT JOIN blog_cate Cate ON Article.cateid=Cate.id WHERE Article.cateid = '10' LIMIT 1   [ RunTime:0.0010s ]
SQL: SELECT Article.id AS id,Article.title AS title,Article.descr AS descr,Article.pic AS pic,Article.time AS time,Article.cateid AS cateid,Article.recommend AS recommend,Cate.catename AS catename FROM blog_article Article LEFT JOIN blog_cate Cate ON Article.cateid=Cate.id WHERE Article.cateid = '10' ORDER BY Article.time desc LIMIT 0,3   [ RunTime:0.0010s ]
INFO: [ view_parse ] --START--
INFO: [ template_filter ] --START--
INFO: Run Behavior\ContentReplaceBehavior [ RunTime:0.000000s ]
INFO: [ template_filter ] --END-- [ RunTime:0.000000s ]
INFO: Run Behavior\ParseTemplateBehavior [ RunTime:0.101006s ]
INFO: [ view_parse ] --END-- [ RunTime:0.101006s ]
INFO: [ view_filter ] --START--
INFO: Run Behavior\WriteHtmlCacheBehavior [ RunTime:0.000000s ]
INFO: [ view_filter ] --END-- [ RunTime:0.001000s ]
INFO: [ app_end ] --START--
INFO: Run Behavior\ShowPageTraceBehavior [ RunTime:0.002000s ]
INFO: [ app_end ] --END-- [ RunTime:0.002000s ]

[ 2017-09-05T20:11:02+08:00 ] ::1 /blog/Home/Cate/articleDateLstSolve
INFO: [ app_init ] --START--
INFO: Run Behavior\BuildLiteBehavior [ RunTime:0.000000s ]
INFO: [ app_init ] --END-- [ RunTime:0.001000s ]
INFO: [ app_begin ] --START--
INFO: Run Behavior\ReadHtmlCacheBehavior [ RunTime:0.001000s ]
INFO: [ app_begin ] --END-- [ RunTime:0.001000s ]
SQL: SHOW COLUMNS FROM `blog_cate` [ RunTime:0.0050s ]
SQL: SELECT * FROM `blog_cate` ORDER BY sort  [ RunTime:0.0000s ]
SQL: SHOW COLUMNS FROM `blog_article` [ RunTime:0.0010s ]
SQL: SELECT * FROM `blog_article` ORDER BY time desc LIMIT 6   [ RunTime:0.0000s ]
SQL: SHOW COLUMNS FROM `blog_link` [ RunTime:0.0020s ]
SQL: SELECT * FROM `blog_link`  [ RunTime:0.0000s ]
SQL: SHOW COLUMNS FROM `blog_article` [ RunTime:0.0010s ]
SQL: SHOW COLUMNS FROM `blog_cate` [ RunTime:0.0010s ]
SQL: SELECT Article.id AS id,Article.title AS title,Article.descr AS descr,Article.pic AS pic,Article.time AS time,Article.cateid AS cateid,Article.recommend AS recommend,Cate.catename AS catename FROM blog_article Article LEFT JOIN blog_cate Cate ON Article.cateid=Cate.id WHERE Article.recommend = '是' ORDER BY Article.time desc LIMIT 3   [ RunTime:0.0010s ]
SQL: select DATE_FORMAT(time,"%Y-%m") as date_mon,count(*) as count from blog_article group by DATE_FORMAT(time,"%Y-%m") [ RunTime:0.0000s ]

[ 2017-09-05T20:11:02+08:00 ] ::1 /blog/Home/Cate/articleDateLst/y/2017/m/08
INFO: [ app_init ] --START--
INFO: Run Behavior\BuildLiteBehavior [ RunTime:0.000000s ]
INFO: [ app_init ] --END-- [ RunTime:0.001000s ]
INFO: [ app_begin ] --START--
INFO: Run Behavior\ReadHtmlCacheBehavior [ RunTime:0.001000s ]
INFO: [ app_begin ] --END-- [ RunTime:0.001000s ]
SQL: SHOW COLUMNS FROM `blog_cate` [ RunTime:0.0020s ]
SQL: SELECT * FROM `blog_cate` ORDER BY sort  [ RunTime:0.0000s ]
SQL: SHOW COLUMNS FROM `blog_article` [ RunTime:0.0010s ]
SQL: SELECT * FROM `blog_article` ORDER BY time desc LIMIT 6   [ RunTime:0.0000s ]
SQL: SHOW COLUMNS FROM `blog_link` [ RunTime:0.0020s ]
SQL: SELECT * FROM `blog_link`  [ RunTime:0.0000s ]
SQL: SHOW COLUMNS FROM `blog_article` [ RunTime:0.0010s ]
SQL: SHOW COLUMNS FROM `blog_cate` [ RunTime:0.0000s ]
SQL: SELECT Article.id AS id,Article.title AS title,Article.descr AS descr,Article.pic AS pic,Article.time AS time,Article.cateid AS cateid,Article.recommend AS recommend,Cate.catename AS catename FROM blog_article Article LEFT JOIN blog_cate Cate ON Article.cateid=Cate.id WHERE Article.recommend = '是' ORDER BY Article.time desc LIMIT 3   [ RunTime:0.0010s ]
SQL: select DATE_FORMAT(time,"%Y-%m") as date_mon,count(*) as count from blog_article group by DATE_FORMAT(time,"%Y-%m") [ RunTime:0.0000s ]
SQL: select count('id') count from blog_article a,blog_cate c where date_format(time,'%Y-%m') = '2017-08' and a.cateid = c.id; [ RunTime:0.0670s ]
SQL: select a.*,c.catename from blog_article a,blog_cate c where date_format(time,'%Y-%m') = '2017-08' and a.cateid = c.id limit 0,5; [ RunTime:0.0140s ]
INFO: [ view_parse ] --START--
INFO: [ template_filter ] --START--
INFO: Run Behavior\ContentReplaceBehavior [ RunTime:0.001000s ]
INFO: [ template_filter ] --END-- [ RunTime:0.001000s ]
NOTIC: [8] Undefined variable: cateid F:\AppServ\www\blog\Application\Runtime\Cache\Home\496517bc584671d86b7c80e68730987b.php 第 25 行.
NOTIC: [8] Undefined variable: cateid F:\AppServ\www\blog\Application\Runtime\Cache\Home\496517bc584671d86b7c80e68730987b.php 第 25 行.
NOTIC: [8] Undefined variable: cateid F:\AppServ\www\blog\Application\Runtime\Cache\Home\496517bc584671d86b7c80e68730987b.php 第 25 行.
NOTIC: [8] Undefined variable: cateid F:\AppServ\www\blog\Application\Runtime\Cache\Home\496517bc584671d86b7c80e68730987b.php 第 25 行.
INFO: Run Behavior\ParseTemplateBehavior [ RunTime:0.022001s ]
INFO: [ view_parse ] --END-- [ RunTime:0.022001s ]
INFO: [ view_filter ] --START--
INFO: Run Behavior\WriteHtmlCacheBehavior [ RunTime:0.001000s ]
INFO: [ view_filter ] --END-- [ RunTime:0.001000s ]
INFO: [ app_end ] --START--
INFO: Run Behavior\ShowPageTraceBehavior [ RunTime:0.001000s ]
INFO: [ app_end ] --END-- [ RunTime:0.001000s ]

[ 2017-09-05T20:11:10+08:00 ] ::1 /blog/index.php/Home/Aboutme/index
INFO: [ app_init ] --START--
INFO: Run Behavior\BuildLiteBehavior [ RunTime:0.000000s ]
INFO: [ app_init ] --END-- [ RunTime:0.001000s ]
INFO: [ app_begin ] --START--
INFO: Run Behavior\ReadHtmlCacheBehavior [ RunTime:0.001000s ]
INFO: [ app_begin ] --END-- [ RunTime:0.001000s ]
SQL: SHOW COLUMNS FROM `blog_cate` [ RunTime:0.0240s ]
SQL: SELECT * FROM `blog_cate` ORDER BY sort  [ RunTime:0.0020s ]
SQL: SHOW COLUMNS FROM `blog_article` [ RunTime:0.0050s ]
SQL: SELECT * FROM `blog_article` ORDER BY time desc LIMIT 6   [ RunTime:0.0010s ]
SQL: SHOW COLUMNS FROM `blog_link` [ RunTime:0.0040s ]
SQL: SELECT * FROM `blog_link`  [ RunTime:0.0010s ]
SQL: SHOW COLUMNS FROM `blog_article` [ RunTime:0.0020s ]
SQL: SHOW COLUMNS FROM `blog_cate` [ RunTime:0.0010s ]
SQL: SELECT Article.id AS id,Article.title AS title,Article.descr AS descr,Article.pic AS pic,Article.time AS time,Article.cateid AS cateid,Article.recommend AS recommend,Cate.catename AS catename FROM blog_article Article LEFT JOIN blog_cate Cate ON Article.cateid=Cate.id WHERE Article.recommend = '是' ORDER BY Article.time desc LIMIT 3   [ RunTime:0.0090s ]
SQL: select DATE_FORMAT(time,"%Y-%m") as date_mon,count(*) as count from blog_article group by DATE_FORMAT(time,"%Y-%m") [ RunTime:0.0010s ]
SQL: SHOW COLUMNS FROM `blog_aboutme` [ RunTime:0.0760s ]
SQL: SELECT * FROM `blog_aboutme` WHERE `id` = 1 LIMIT 1   [ RunTime:0.0350s ]
INFO: [ view_parse ] --START--
INFO: [ template_filter ] --START--
INFO: Run Behavior\ContentReplaceBehavior [ RunTime:0.000000s ]
INFO: [ template_filter ] --END-- [ RunTime:0.001000s ]
NOTIC: [8] Undefined variable: cateid F:\AppServ\www\blog\Application\Runtime\Cache\Home\037ac25d22ed957428193c3bb7f61715.php 第 25 行.
NOTIC: [8] Undefined variable: cateid F:\AppServ\www\blog\Application\Runtime\Cache\Home\037ac25d22ed957428193c3bb7f61715.php 第 25 行.
NOTIC: [8] Undefined variable: cateid F:\AppServ\www\blog\Application\Runtime\Cache\Home\037ac25d22ed957428193c3bb7f61715.php 第 25 行.
NOTIC: [8] Undefined variable: cateid F:\AppServ\www\blog\Application\Runtime\Cache\Home\037ac25d22ed957428193c3bb7f61715.php 第 25 行.
INFO: Run Behavior\ParseTemplateBehavior [ RunTime:0.047003s ]
INFO: [ view_parse ] --END-- [ RunTime:0.047003s ]
INFO: [ view_filter ] --START--
INFO: Run Behavior\WriteHtmlCacheBehavior [ RunTime:0.000000s ]
INFO: [ view_filter ] --END-- [ RunTime:0.001000s ]
INFO: [ app_end ] --START--
INFO: Run Behavior\ShowPageTraceBehavior [ RunTime:0.000000s ]
INFO: [ app_end ] --END-- [ RunTime:0.001000s ]

[ 2017-09-05T20:11:28+08:00 ] ::1 /blog/index.php/Home/Cate/index/cid/10
INFO: [ app_init ] --START--
INFO: Run Behavior\BuildLiteBehavior [ RunTime:0.000000s ]
INFO: [ app_init ] --END-- [ RunTime:0.001000s ]
INFO: [ app_begin ] --START--
INFO: Run Behavior\ReadHtmlCacheBehavior [ RunTime:0.000000s ]
INFO: [ app_begin ] --END-- [ RunTime:0.000000s ]
SQL: SHOW COLUMNS FROM `blog_cate` [ RunTime:0.0130s ]
SQL: SELECT * FROM `blog_cate` ORDER BY sort  [ RunTime:0.0010s ]
SQL: SHOW COLUMNS FROM `blog_article` [ RunTime:0.0040s ]
SQL: SELECT * FROM `blog_article` ORDER BY time desc LIMIT 6   [ RunTime:0.0010s ]
SQL: SHOW COLUMNS FROM `blog_link` [ RunTime:0.0040s ]
SQL: SELECT * FROM `blog_link`  [ RunTime:0.0010s ]
SQL: SHOW COLUMNS FROM `blog_article` [ RunTime:0.0010s ]
SQL: SHOW COLUMNS FROM `blog_cate` [ RunTime:0.0010s ]
SQL: SELECT Article.id AS id,Article.title AS title,Article.descr AS descr,Article.pic AS pic,Article.time AS time,Article.cateid AS cateid,Article.recommend AS recommend,Cate.catename AS catename FROM blog_article Article LEFT JOIN blog_cate Cate ON Article.cateid=Cate.id WHERE Article.recommend = '是' ORDER BY Article.time desc LIMIT 3   [ RunTime:0.0010s ]
SQL: select DATE_FORMAT(time,"%Y-%m") as date_mon,count(*) as count from blog_article group by DATE_FORMAT(time,"%Y-%m") [ RunTime:0.0010s ]
SQL: SELECT COUNT(*) AS tp_count FROM blog_article Article LEFT JOIN blog_cate Cate ON Article.cateid=Cate.id WHERE Article.cateid = '10' LIMIT 1   [ RunTime:0.0010s ]
SQL: SELECT Article.id AS id,Article.title AS title,Article.descr AS descr,Article.pic AS pic,Article.time AS time,Article.cateid AS cateid,Article.recommend AS recommend,Cate.catename AS catename FROM blog_article Article LEFT JOIN blog_cate Cate ON Article.cateid=Cate.id WHERE Article.cateid = '10' ORDER BY Article.time desc LIMIT 0,3   [ RunTime:0.0010s ]
INFO: [ view_parse ] --START--
INFO: [ template_filter ] --START--
INFO: Run Behavior\ContentReplaceBehavior [ RunTime:0.000000s ]
INFO: [ template_filter ] --END-- [ RunTime:0.000000s ]
INFO: Run Behavior\ParseTemplateBehavior [ RunTime:0.020002s ]
INFO: [ view_parse ] --END-- [ RunTime:0.020002s ]
INFO: [ view_filter ] --START--
INFO: Run Behavior\WriteHtmlCacheBehavior [ RunTime:0.001000s ]
INFO: [ view_filter ] --END-- [ RunTime:0.001000s ]
INFO: [ app_end ] --START--
INFO: Run Behavior\ShowPageTraceBehavior [ RunTime:0.001000s ]
INFO: [ app_end ] --END-- [ RunTime:0.001000s ]

[ 2017-09-05T20:12:59+08:00 ] ::1 /blog/index.php/Home/Cate/index/cid/10
INFO: [ app_init ] --START--
INFO: Run Behavior\BuildLiteBehavior [ RunTime:0.000000s ]
INFO: [ app_init ] --END-- [ RunTime:0.001000s ]
INFO: [ app_begin ] --START--
INFO: Run Behavior\ReadHtmlCacheBehavior [ RunTime:0.002000s ]
INFO: [ app_begin ] --END-- [ RunTime:0.002000s ]
SQL: SHOW COLUMNS FROM `blog_cate` [ RunTime:0.0160s ]
SQL: SELECT * FROM `blog_cate` ORDER BY sort  [ RunTime:0.0000s ]
SQL: SHOW COLUMNS FROM `blog_article` [ RunTime:0.0030s ]
SQL: SELECT * FROM `blog_article` ORDER BY time desc LIMIT 6   [ RunTime:0.0010s ]
SQL: SHOW COLUMNS FROM `blog_link` [ RunTime:0.0030s ]
SQL: SELECT * FROM `blog_link`  [ RunTime:0.0000s ]
SQL: SHOW COLUMNS FROM `blog_article` [ RunTime:0.0010s ]
SQL: SHOW COLUMNS FROM `blog_cate` [ RunTime:0.0010s ]
SQL: SELECT Article.id AS id,Article.title AS title,Article.descr AS descr,Article.pic AS pic,Article.time AS time,Article.cateid AS cateid,Article.recommend AS recommend,Cate.catename AS catename FROM blog_article Article LEFT JOIN blog_cate Cate ON Article.cateid=Cate.id WHERE Article.recommend = '是' ORDER BY Article.time desc LIMIT 3   [ RunTime:0.0010s ]
SQL: select DATE_FORMAT(time,"%Y-%m") as date_mon,count(*) as count from blog_article group by DATE_FORMAT(time,"%Y-%m") [ RunTime:0.0010s ]
SQL: SELECT COUNT(*) AS tp_count FROM blog_article Article LEFT JOIN blog_cate Cate ON Article.cateid=Cate.id WHERE Article.cateid = '10' LIMIT 1   [ RunTime:0.0010s ]
SQL: SELECT Article.id AS id,Article.title AS title,Article.descr AS descr,Article.pic AS pic,Article.time AS time,Article.cateid AS cateid,Article.recommend AS recommend,Cate.catename AS catename FROM blog_article Article LEFT JOIN blog_cate Cate ON Article.cateid=Cate.id WHERE Article.cateid = '10' ORDER BY Article.time desc LIMIT 0,3   [ RunTime:0.0010s ]
INFO: [ view_parse ] --START--
INFO: [ template_filter ] --START--
INFO: Run Behavior\ContentReplaceBehavior [ RunTime:0.000000s ]
INFO: [ template_filter ] --END-- [ RunTime:0.001000s ]
INFO: Run Behavior\ParseTemplateBehavior [ RunTime:0.028001s ]
INFO: [ view_parse ] --END-- [ RunTime:0.028001s ]
INFO: [ view_filter ] --START--
INFO: Run Behavior\WriteHtmlCacheBehavior [ RunTime:0.001000s ]
INFO: [ view_filter ] --END-- [ RunTime:0.001000s ]
INFO: [ app_end ] --START--
INFO: Run Behavior\ShowPageTraceBehavior [ RunTime:0.001000s ]
INFO: [ app_end ] --END-- [ RunTime:0.001000s ]

[ 2017-09-05T20:13:02+08:00 ] ::1 /blog/index.php/Home/Index/index
INFO: [ app_init ] --START--
INFO: Run Behavior\BuildLiteBehavior [ RunTime:0.001000s ]
INFO: [ app_init ] --END-- [ RunTime:0.001000s ]
INFO: [ app_begin ] --START--
INFO: Run Behavior\ReadHtmlCacheBehavior [ RunTime:0.001000s ]
INFO: [ app_begin ] --END-- [ RunTime:0.001000s ]
SQL: SHOW COLUMNS FROM `blog_cate` [ RunTime:0.0030s ]
SQL: SELECT * FROM `blog_cate` ORDER BY sort  [ RunTime:0.0000s ]
SQL: SHOW COLUMNS FROM `blog_article` [ RunTime:0.0020s ]
SQL: SELECT * FROM `blog_article` ORDER BY time desc LIMIT 6   [ RunTime:0.0000s ]
SQL: SHOW COLUMNS FROM `blog_link` [ RunTime:0.0020s ]
SQL: SELECT * FROM `blog_link`  [ RunTime:0.0000s ]
SQL: SHOW COLUMNS FROM `blog_article` [ RunTime:0.0020s ]
SQL: SHOW COLUMNS FROM `blog_cate` [ RunTime:0.0010s ]
SQL: SELECT Article.id AS id,Article.title AS title,Article.descr AS descr,Article.pic AS pic,Article.time AS time,Article.cateid AS cateid,Article.recommend AS recommend,Cate.catename AS catename FROM blog_article Article LEFT JOIN blog_cate Cate ON Article.cateid=Cate.id WHERE Article.recommend = '是' ORDER BY Article.time desc LIMIT 3   [ RunTime:0.0000s ]
SQL: select DATE_FORMAT(time,"%Y-%m") as date_mon,count(*) as count from blog_article group by DATE_FORMAT(time,"%Y-%m") [ RunTime:0.0010s ]
SQL: SELECT Article.id AS id,Article.title AS title,Article.descr AS descr,Article.pic AS pic,Article.time AS time,Article.cateid AS cateid,Article.recommend AS recommend,Cate.catename AS catename FROM blog_article Article LEFT JOIN blog_cate Cate ON Article.cateid=Cate.id ORDER BY Article.time desc LIMIT 4   [ RunTime:0.0010s ]
INFO: [ view_parse ] --START--
INFO: [ template_filter ] --START--
INFO: Run Behavior\ContentReplaceBehavior [ RunTime:0.000000s ]
INFO: [ template_filter ] --END-- [ RunTime:0.000000s ]
NOTIC: [8] Undefined variable: cateid F:\AppServ\www\blog\Application\Runtime\Cache\Home\2a94b8bda04ff446dcedd42276fc99ee.php 第 23 行.
NOTIC: [8] Undefined variable: cateid F:\AppServ\www\blog\Application\Runtime\Cache\Home\2a94b8bda04ff446dcedd42276fc99ee.php 第 23 行.
NOTIC: [8] Undefined variable: cateid F:\AppServ\www\blog\Application\Runtime\Cache\Home\2a94b8bda04ff446dcedd42276fc99ee.php 第 23 行.
NOTIC: [8] Undefined variable: cateid F:\AppServ\www\blog\Application\Runtime\Cache\Home\2a94b8bda04ff446dcedd42276fc99ee.php 第 23 行.
INFO: Run Behavior\ParseTemplateBehavior [ RunTime:0.025002s ]
INFO: [ view_parse ] --END-- [ RunTime:0.025002s ]
INFO: [ view_filter ] --START--
INFO: Run Behavior\WriteHtmlCacheBehavior [ RunTime:0.001000s ]
INFO: [ view_filter ] --END-- [ RunTime:0.001000s ]
INFO: [ app_end ] --START--
INFO: Run Behavior\ShowPageTraceBehavior [ RunTime:0.001000s ]
INFO: [ app_end ] --END-- [ RunTime:0.001000s ]

[ 2017-09-05T20:13:09+08:00 ] ::1 /blog/index.php/Home/Aboutme/index
INFO: [ app_init ] --START--
INFO: Run Behavior\BuildLiteBehavior [ RunTime:0.000000s ]
INFO: [ app_init ] --END-- [ RunTime:0.001000s ]
INFO: [ app_begin ] --START--
INFO: Run Behavior\ReadHtmlCacheBehavior [ RunTime:0.001000s ]
INFO: [ app_begin ] --END-- [ RunTime:0.001000s ]
SQL: SHOW COLUMNS FROM `blog_cate` [ RunTime:0.0370s ]
SQL: SELECT * FROM `blog_cate` ORDER BY sort  [ RunTime:0.0000s ]
SQL: SHOW COLUMNS FROM `blog_article` [ RunTime:0.0020s ]
SQL: SELECT * FROM `blog_article` ORDER BY time desc LIMIT 6   [ RunTime:0.0000s ]
SQL: SHOW COLUMNS FROM `blog_link` [ RunTime:0.0020s ]
SQL: SELECT * FROM `blog_link`  [ RunTime:0.0000s ]
SQL: SHOW COLUMNS FROM `blog_article` [ RunTime:0.0000s ]
SQL: SHOW COLUMNS FROM `blog_cate` [ RunTime:0.0000s ]
SQL: SELECT Article.id AS id,Article.title AS title,Article.descr AS descr,Article.pic AS pic,Article.time AS time,Article.cateid AS cateid,Article.recommend AS recommend,Cate.catename AS catename FROM blog_article Article LEFT JOIN blog_cate Cate ON Article.cateid=Cate.id WHERE Article.recommend = '是' ORDER BY Article.time desc LIMIT 3   [ RunTime:0.0000s ]
SQL: select DATE_FORMAT(time,"%Y-%m") as date_mon,count(*) as count from blog_article group by DATE_FORMAT(time,"%Y-%m") [ RunTime:0.0000s ]
SQL: SHOW COLUMNS FROM `blog_aboutme` [ RunTime:0.0010s ]
SQL: SELECT * FROM `blog_aboutme` WHERE `id` = 1 LIMIT 1   [ RunTime:0.0000s ]
INFO: [ view_parse ] --START--
INFO: [ template_filter ] --START--
INFO: Run Behavior\ContentReplaceBehavior [ RunTime:0.000000s ]
INFO: [ template_filter ] --END-- [ RunTime:0.000000s ]
NOTIC: [8] Undefined variable: cateid F:\AppServ\www\blog\Application\Runtime\Cache\Home\037ac25d22ed957428193c3bb7f61715.php 第 25 行.
NOTIC: [8] Undefined variable: cateid F:\AppServ\www\blog\Application\Runtime\Cache\Home\037ac25d22ed957428193c3bb7f61715.php 第 25 行.
NOTIC: [8] Undefined variable: cateid F:\AppServ\www\blog\Application\Runtime\Cache\Home\037ac25d22ed957428193c3bb7f61715.php 第 25 行.
NOTIC: [8] Undefined variable: cateid F:\AppServ\www\blog\Application\Runtime\Cache\Home\037ac25d22ed957428193c3bb7f61715.php 第 25 行.
INFO: Run Behavior\ParseTemplateBehavior [ RunTime:0.021001s ]
INFO: [ view_parse ] --END-- [ RunTime:0.021001s ]
INFO: [ view_filter ] --START--
INFO: Run Behavior\WriteHtmlCacheBehavior [ RunTime:0.001000s ]
INFO: [ view_filter ] --END-- [ RunTime:0.001000s ]
INFO: [ app_end ] --START--
INFO: Run Behavior\ShowPageTraceBehavior [ RunTime:0.001000s ]
INFO: [ app_end ] --END-- [ RunTime:0.001000s ]

[ 2017-09-05T20:13:15+08:00 ] ::1 /blog/index.php/Home/Cate/index/cid/10
INFO: [ app_init ] --START--
INFO: Run Behavior\BuildLiteBehavior [ RunTime:0.000000s ]
INFO: [ app_init ] --END-- [ RunTime:0.001000s ]
INFO: [ app_begin ] --START--
INFO: Run Behavior\ReadHtmlCacheBehavior [ RunTime:0.001000s ]
INFO: [ app_begin ] --END-- [ RunTime:0.001000s ]
SQL: SHOW COLUMNS FROM `blog_cate` [ RunTime:0.0020s ]
SQL: SELECT * FROM `blog_cate` ORDER BY sort  [ RunTime:0.0010s ]
SQL: SHOW COLUMNS FROM `blog_article` [ RunTime:0.0020s ]
SQL: SELECT * FROM `blog_article` ORDER BY time desc LIMIT 6   [ RunTime:0.0000s ]
SQL: SHOW COLUMNS FROM `blog_link` [ RunTime:0.0020s ]
SQL: SELECT * FROM `blog_link`  [ RunTime:0.0000s ]
SQL: SHOW COLUMNS FROM `blog_article` [ RunTime:0.0010s ]
SQL: SHOW COLUMNS FROM `blog_cate` [ RunTime:0.0010s ]
SQL: SELECT Article.id AS id,Article.title AS title,Article.descr AS descr,Article.pic AS pic,Article.time AS time,Article.cateid AS cateid,Article.recommend AS recommend,Cate.catename AS catename FROM blog_article Article LEFT JOIN blog_cate Cate ON Article.cateid=Cate.id WHERE Article.recommend = '是' ORDER BY Article.time desc LIMIT 3   [ RunTime:0.0000s ]
SQL: select DATE_FORMAT(time,"%Y-%m") as date_mon,count(*) as count from blog_article group by DATE_FORMAT(time,"%Y-%m") [ RunTime:0.0000s ]
SQL: SELECT COUNT(*) AS tp_count FROM blog_article Article LEFT JOIN blog_cate Cate ON Article.cateid=Cate.id WHERE Article.cateid = '10' LIMIT 1   [ RunTime:0.0010s ]
SQL: SELECT Article.id AS id,Article.title AS title,Article.descr AS descr,Article.pic AS pic,Article.time AS time,Article.cateid AS cateid,Article.recommend AS recommend,Cate.catename AS catename FROM blog_article Article LEFT JOIN blog_cate Cate ON Article.cateid=Cate.id WHERE Article.cateid = '10' ORDER BY Article.time desc LIMIT 0,3   [ RunTime:0.0010s ]
INFO: [ view_parse ] --START--
INFO: [ template_filter ] --START--
INFO: Run Behavior\ContentReplaceBehavior [ RunTime:0.000000s ]
INFO: [ template_filter ] --END-- [ RunTime:0.000000s ]
INFO: Run Behavior\ParseTemplateBehavior [ RunTime:0.021001s ]
INFO: [ view_parse ] --END-- [ RunTime:0.021001s ]
INFO: [ view_filter ] --START--
INFO: Run Behavior\WriteHtmlCacheBehavior [ RunTime:0.001000s ]
INFO: [ view_filter ] --END-- [ RunTime:0.001000s ]
INFO: [ app_end ] --START--
INFO: Run Behavior\ShowPageTraceBehavior [ RunTime:0.001000s ]
INFO: [ app_end ] --END-- [ RunTime:0.001000s ]

[ 2017-09-05T20:13:20+08:00 ] ::1 /blog/index.php/Home/Cate/index/cid/15
INFO: [ app_init ] --START--
INFO: Run Behavior\BuildLiteBehavior [ RunTime:0.000000s ]
INFO: [ app_init ] --END-- [ RunTime:0.001000s ]
INFO: [ app_begin ] --START--
INFO: Run Behavior\ReadHtmlCacheBehavior [ RunTime:0.001000s ]
INFO: [ app_begin ] --END-- [ RunTime:0.001000s ]
SQL: SHOW COLUMNS FROM `blog_cate` [ RunTime:0.0160s ]
SQL: SELECT * FROM `blog_cate` ORDER BY sort  [ RunTime:0.0070s ]
SQL: SHOW COLUMNS FROM `blog_article` [ RunTime:0.0050s ]
SQL: SELECT * FROM `blog_article` ORDER BY time desc LIMIT 6   [ RunTime:0.0010s ]
SQL: SHOW COLUMNS FROM `blog_link` [ RunTime:0.0110s ]
SQL: SELECT * FROM `blog_link`  [ RunTime:0.0010s ]
SQL: SHOW COLUMNS FROM `blog_article` [ RunTime:0.0040s ]
SQL: SHOW COLUMNS FROM `blog_cate` [ RunTime:0.0010s ]
SQL: SELECT Article.id AS id,Article.title AS title,Article.descr AS descr,Article.pic AS pic,Article.time AS time,Article.cateid AS cateid,Article.recommend AS recommend,Cate.catename AS catename FROM blog_article Article LEFT JOIN blog_cate Cate ON Article.cateid=Cate.id WHERE Article.recommend = '是' ORDER BY Article.time desc LIMIT 3   [ RunTime:0.0010s ]
SQL: select DATE_FORMAT(time,"%Y-%m") as date_mon,count(*) as count from blog_article group by DATE_FORMAT(time,"%Y-%m") [ RunTime:0.0010s ]
SQL: SELECT COUNT(*) AS tp_count FROM blog_article Article LEFT JOIN blog_cate Cate ON Article.cateid=Cate.id WHERE Article.cateid = '15' LIMIT 1   [ RunTime:0.0010s ]
SQL: SELECT Article.id AS id,Article.title AS title,Article.descr AS descr,Article.pic AS pic,Article.time AS time,Article.cateid AS cateid,Article.recommend AS recommend,Cate.catename AS catename FROM blog_article Article LEFT JOIN blog_cate Cate ON Article.cateid=Cate.id WHERE Article.cateid = '15' ORDER BY Article.time desc LIMIT 0,3   [ RunTime:0.0000s ]
INFO: [ view_parse ] --START--
INFO: [ template_filter ] --START--
INFO: Run Behavior\ContentReplaceBehavior [ RunTime:0.000000s ]
INFO: [ template_filter ] --END-- [ RunTime:0.000000s ]
INFO: Run Behavior\ParseTemplateBehavior [ RunTime:0.023002s ]
INFO: [ view_parse ] --END-- [ RunTime:0.023002s ]
INFO: [ view_filter ] --START--
INFO: Run Behavior\WriteHtmlCacheBehavior [ RunTime:0.000000s ]
INFO: [ view_filter ] --END-- [ RunTime:0.000000s ]
INFO: [ app_end ] --START--
INFO: Run Behavior\ShowPageTraceBehavior [ RunTime:0.000000s ]
INFO: [ app_end ] --END-- [ RunTime:0.000000s ]

[ 2017-09-05T20:13:24+08:00 ] ::1 /blog/index.php/Home/Cate/index/cid/14
INFO: [ app_init ] --START--
INFO: Run Behavior\BuildLiteBehavior [ RunTime:0.000000s ]
INFO: [ app_init ] --END-- [ RunTime:0.000000s ]
INFO: [ app_begin ] --START--
INFO: Run Behavior\ReadHtmlCacheBehavior [ RunTime:0.001000s ]
INFO: [ app_begin ] --END-- [ RunTime:0.001000s ]
SQL: SHOW COLUMNS FROM `blog_cate` [ RunTime:0.0220s ]
SQL: SELECT * FROM `blog_cate` ORDER BY sort  [ RunTime:0.0010s ]
SQL: SHOW COLUMNS FROM `blog_article` [ RunTime:0.0070s ]
SQL: SELECT * FROM `blog_article` ORDER BY time desc LIMIT 6   [ RunTime:0.0010s ]
SQL: SHOW COLUMNS FROM `blog_link` [ RunTime:0.0030s ]
SQL: SELECT * FROM `blog_link`  [ RunTime:0.0010s ]
SQL: SHOW COLUMNS FROM `blog_article` [ RunTime:0.0010s ]
SQL: SHOW COLUMNS FROM `blog_cate` [ RunTime:0.0010s ]
SQL: SELECT Article.id AS id,Article.title AS title,Article.descr AS descr,Article.pic AS pic,Article.time AS time,Article.cateid AS cateid,Article.recommend AS recommend,Cate.catename AS catename FROM blog_article Article LEFT JOIN blog_cate Cate ON Article.cateid=Cate.id WHERE Article.recommend = '是' ORDER BY Article.time desc LIMIT 3   [ RunTime:0.0010s ]
SQL: select DATE_FORMAT(time,"%Y-%m") as date_mon,count(*) as count from blog_article group by DATE_FORMAT(time,"%Y-%m") [ RunTime:0.0010s ]
SQL: SELECT COUNT(*) AS tp_count FROM blog_article Article LEFT JOIN blog_cate Cate ON Article.cateid=Cate.id WHERE Article.cateid = '14' LIMIT 1   [ RunTime:0.0000s ]
SQL: SELECT Article.id AS id,Article.title AS title,Article.descr AS descr,Article.pic AS pic,Article.time AS time,Article.cateid AS cateid,Article.recommend AS recommend,Cate.catename AS catename FROM blog_article Article LEFT JOIN blog_cate Cate ON Article.cateid=Cate.id WHERE Article.cateid = '14' ORDER BY Article.time desc LIMIT 0,3   [ RunTime:0.0000s ]
INFO: [ view_parse ] --START--
INFO: [ template_filter ] --START--
INFO: Run Behavior\ContentReplaceBehavior [ RunTime:0.000000s ]
INFO: [ template_filter ] --END-- [ RunTime:0.000000s ]
INFO: Run Behavior\ParseTemplateBehavior [ RunTime:0.023002s ]
INFO: [ view_parse ] --END-- [ RunTime:0.023002s ]
INFO: [ view_filter ] --START--
INFO: Run Behavior\WriteHtmlCacheBehavior [ RunTime:0.001000s ]
INFO: [ view_filter ] --END-- [ RunTime:0.001000s ]
INFO: [ app_end ] --START--
INFO: Run Behavior\ShowPageTraceBehavior [ RunTime:0.001000s ]
INFO: [ app_end ] --END-- [ RunTime:0.001000s ]

[ 2017-09-05T20:13:27+08:00 ] ::1 /blog/index.php/Home/Cate/index/cid/16
INFO: [ app_init ] --START--
INFO: Run Behavior\BuildLiteBehavior [ RunTime:0.000000s ]
INFO: [ app_init ] --END-- [ RunTime:0.001000s ]
INFO: [ app_begin ] --START--
INFO: Run Behavior\ReadHtmlCacheBehavior [ RunTime:0.000000s ]
INFO: [ app_begin ] --END-- [ RunTime:0.000000s ]
SQL: SHOW COLUMNS FROM `blog_cate` [ RunTime:0.0110s ]
SQL: SELECT * FROM `blog_cate` ORDER BY sort  [ RunTime:0.0010s ]
SQL: SHOW COLUMNS FROM `blog_article` [ RunTime:0.0050s ]
SQL: SELECT * FROM `blog_article` ORDER BY time desc LIMIT 6   [ RunTime:0.0020s ]
SQL: SHOW COLUMNS FROM `blog_link` [ RunTime:0.0040s ]
SQL: SELECT * FROM `blog_link`  [ RunTime:0.0010s ]
SQL: SHOW COLUMNS FROM `blog_article` [ RunTime:0.0020s ]
SQL: SHOW COLUMNS FROM `blog_cate` [ RunTime:0.0010s ]
SQL: SELECT Article.id AS id,Article.title AS title,Article.descr AS descr,Article.pic AS pic,Article.time AS time,Article.cateid AS cateid,Article.recommend AS recommend,Cate.catename AS catename FROM blog_article Article LEFT JOIN blog_cate Cate ON Article.cateid=Cate.id WHERE Article.recommend = '是' ORDER BY Article.time desc LIMIT 3   [ RunTime:0.0000s ]
SQL: select DATE_FORMAT(time,"%Y-%m") as date_mon,count(*) as count from blog_article group by DATE_FORMAT(time,"%Y-%m") [ RunTime:0.0000s ]
SQL: SELECT COUNT(*) AS tp_count FROM blog_article Article LEFT JOIN blog_cate Cate ON Article.cateid=Cate.id WHERE Article.cateid = '16' LIMIT 1   [ RunTime:0.0000s ]
SQL: SELECT Article.id AS id,Article.title AS title,Article.descr AS descr,Article.pic AS pic,Article.time AS time,Article.cateid AS cateid,Article.recommend AS recommend,Cate.catename AS catename FROM blog_article Article LEFT JOIN blog_cate Cate ON Article.cateid=Cate.id WHERE Article.cateid = '16' ORDER BY Article.time desc LIMIT 0,3   [ RunTime:0.0230s ]
INFO: [ view_parse ] --START--
INFO: [ template_filter ] --START--
INFO: Run Behavior\ContentReplaceBehavior [ RunTime:0.000000s ]
INFO: [ template_filter ] --END-- [ RunTime:0.000000s ]
INFO: Run Behavior\ParseTemplateBehavior [ RunTime:0.026001s ]
INFO: [ view_parse ] --END-- [ RunTime:0.026001s ]
INFO: [ view_filter ] --START--
INFO: Run Behavior\WriteHtmlCacheBehavior [ RunTime:0.001000s ]
INFO: [ view_filter ] --END-- [ RunTime:0.001000s ]
INFO: [ app_end ] --START--
INFO: Run Behavior\ShowPageTraceBehavior [ RunTime:0.001000s ]
INFO: [ app_end ] --END-- [ RunTime:0.001000s ]

[ 2017-09-05T20:13:31+08:00 ] ::1 /blog/index.php/Home/Aboutme/index
INFO: [ app_init ] --START--
INFO: Run Behavior\BuildLiteBehavior [ RunTime:0.000000s ]
INFO: [ app_init ] --END-- [ RunTime:0.001000s ]
INFO: [ app_begin ] --START--
INFO: Run Behavior\ReadHtmlCacheBehavior [ RunTime:0.001000s ]
INFO: [ app_begin ] --END-- [ RunTime:0.001000s ]
SQL: SHOW COLUMNS FROM `blog_cate` [ RunTime:0.0140s ]
SQL: SELECT * FROM `blog_cate` ORDER BY sort  [ RunTime:0.0020s ]
SQL: SHOW COLUMNS FROM `blog_article` [ RunTime:0.0030s ]
SQL: SELECT * FROM `blog_article` ORDER BY time desc LIMIT 6   [ RunTime:0.0010s ]
SQL: SHOW COLUMNS FROM `blog_link` [ RunTime:0.0020s ]
SQL: SELECT * FROM `blog_link`  [ RunTime:0.0000s ]
SQL: SHOW COLUMNS FROM `blog_article` [ RunTime:0.0010s ]
SQL: SHOW COLUMNS FROM `blog_cate` [ RunTime:0.0000s ]
SQL: SELECT Article.id AS id,Article.title AS title,Article.descr AS descr,Article.pic AS pic,Article.time AS time,Article.cateid AS cateid,Article.recommend AS recommend,Cate.catename AS catename FROM blog_article Article LEFT JOIN blog_cate Cate ON Article.cateid=Cate.id WHERE Article.recommend = '是' ORDER BY Article.time desc LIMIT 3   [ RunTime:0.0000s ]
SQL: select DATE_FORMAT(time,"%Y-%m") as date_mon,count(*) as count from blog_article group by DATE_FORMAT(time,"%Y-%m") [ RunTime:0.0010s ]
SQL: SHOW COLUMNS FROM `blog_aboutme` [ RunTime:0.0020s ]
SQL: SELECT * FROM `blog_aboutme` WHERE `id` = 1 LIMIT 1   [ RunTime:0.0000s ]
INFO: [ view_parse ] --START--
INFO: [ template_filter ] --START--
INFO: Run Behavior\ContentReplaceBehavior [ RunTime:0.000000s ]
INFO: [ template_filter ] --END-- [ RunTime:0.000000s ]
NOTIC: [8] Undefined variable: cateid F:\AppServ\www\blog\Application\Runtime\Cache\Home\037ac25d22ed957428193c3bb7f61715.php 第 25 行.
NOTIC: [8] Undefined variable: cateid F:\AppServ\www\blog\Application\Runtime\Cache\Home\037ac25d22ed957428193c3bb7f61715.php 第 25 行.
NOTIC: [8] Undefined variable: cateid F:\AppServ\www\blog\Application\Runtime\Cache\Home\037ac25d22ed957428193c3bb7f61715.php 第 25 行.
NOTIC: [8] Undefined variable: cateid F:\AppServ\www\blog\Application\Runtime\Cache\Home\037ac25d22ed957428193c3bb7f61715.php 第 25 行.
INFO: Run Behavior\ParseTemplateBehavior [ RunTime:0.017001s ]
INFO: [ view_parse ] --END-- [ RunTime:0.017001s ]
INFO: [ view_filter ] --START--
INFO: Run Behavior\WriteHtmlCacheBehavior [ RunTime:0.001000s ]
INFO: [ view_filter ] --END-- [ RunTime:0.001000s ]
INFO: [ app_end ] --START--
INFO: Run Behavior\ShowPageTraceBehavior [ RunTime:0.001000s ]
INFO: [ app_end ] --END-- [ RunTime:0.001000s ]

[ 2017-09-05T20:13:38+08:00 ] ::1 /blog/index.php/Home/Cate/index/cid/10
INFO: [ app_init ] --START--
INFO: Run Behavior\BuildLiteBehavior [ RunTime:0.000000s ]
INFO: [ app_init ] --END-- [ RunTime:0.001000s ]
INFO: [ app_begin ] --START--
INFO: Run Behavior\ReadHtmlCacheBehavior [ RunTime:0.001000s ]
INFO: [ app_begin ] --END-- [ RunTime:0.001000s ]
SQL: SHOW COLUMNS FROM `blog_cate` [ RunTime:0.0060s ]
SQL: SELECT * FROM `blog_cate` ORDER BY sort  [ RunTime:0.0020s ]
SQL: SHOW COLUMNS FROM `blog_article` [ RunTime:0.0090s ]
SQL: SELECT * FROM `blog_article` ORDER BY time desc LIMIT 6   [ RunTime:0.0010s ]
SQL: SHOW COLUMNS FROM `blog_link` [ RunTime:0.0110s ]
SQL: SELECT * FROM `blog_link`  [ RunTime:0.0010s ]
SQL: SHOW COLUMNS FROM `blog_article` [ RunTime:0.0010s ]
SQL: SHOW COLUMNS FROM `blog_cate` [ RunTime:0.0010s ]
SQL: SELECT Article.id AS id,Article.title AS title,Article.descr AS descr,Article.pic AS pic,Article.time AS time,Article.cateid AS cateid,Article.recommend AS recommend,Cate.catename AS catename FROM blog_article Article LEFT JOIN blog_cate Cate ON Article.cateid=Cate.id WHERE Article.recommend = '是' ORDER BY Article.time desc LIMIT 3   [ RunTime:0.0000s ]
SQL: select DATE_FORMAT(time,"%Y-%m") as date_mon,count(*) as count from blog_article group by DATE_FORMAT(time,"%Y-%m") [ RunTime:0.0000s ]
SQL: SELECT COUNT(*) AS tp_count FROM blog_article Article LEFT JOIN blog_cate Cate ON Article.cateid=Cate.id WHERE Article.cateid = '10' LIMIT 1   [ RunTime:0.0000s ]
SQL: SELECT Article.id AS id,Article.title AS title,Article.descr AS descr,Article.pic AS pic,Article.time AS time,Article.cateid AS cateid,Article.recommend AS recommend,Cate.catename AS catename FROM blog_article Article LEFT JOIN blog_cate Cate ON Article.cateid=Cate.id WHERE Article.cateid = '10' ORDER BY Article.time desc LIMIT 0,3   [ RunTime:0.0010s ]
INFO: [ view_parse ] --START--
INFO: [ template_filter ] --START--
INFO: Run Behavior\ContentReplaceBehavior [ RunTime:0.000000s ]
INFO: [ template_filter ] --END-- [ RunTime:0.000000s ]
INFO: Run Behavior\ParseTemplateBehavior [ RunTime:0.027001s ]
INFO: [ view_parse ] --END-- [ RunTime:0.028002s ]
INFO: [ view_filter ] --START--
INFO: Run Behavior\WriteHtmlCacheBehavior [ RunTime:0.000000s ]
INFO: [ view_filter ] --END-- [ RunTime:0.000000s ]
INFO: [ app_end ] --START--
INFO: Run Behavior\ShowPageTraceBehavior [ RunTime:0.001000s ]
INFO: [ app_end ] --END-- [ RunTime:0.001000s ]

[ 2017-09-05T20:16:29+08:00 ] ::1 /blog/index.php/Home/Cate/index/cid/10
INFO: [ app_init ] --START--
INFO: Run Behavior\BuildLiteBehavior [ RunTime:0.000000s ]
INFO: [ app_init ] --END-- [ RunTime:0.001000s ]
INFO: [ app_begin ] --START--
INFO: Run Behavior\ReadHtmlCacheBehavior [ RunTime:0.001000s ]
INFO: [ app_begin ] --END-- [ RunTime:0.001000s ]
SQL: SHOW COLUMNS FROM `blog_cate` [ RunTime:0.0580s ]
SQL: SELECT * FROM `blog_cate` ORDER BY sort  [ RunTime:0.0060s ]
SQL: SHOW COLUMNS FROM `blog_article` [ RunTime:0.0020s ]
SQL: SELECT * FROM `blog_article` ORDER BY time desc LIMIT 6   [ RunTime:0.0010s ]
SQL: SHOW COLUMNS FROM `blog_link` [ RunTime:0.0020s ]
SQL: SELECT * FROM `blog_link`  [ RunTime:0.0010s ]
SQL: SHOW COLUMNS FROM `blog_article` [ RunTime:0.0010s ]
SQL: SHOW COLUMNS FROM `blog_cate` [ RunTime:0.0010s ]
SQL: SELECT Article.id AS id,Article.title AS title,Article.descr AS descr,Article.pic AS pic,Article.time AS time,Article.cateid AS cateid,Article.recommend AS recommend,Cate.catename AS catename FROM blog_article Article LEFT JOIN blog_cate Cate ON Article.cateid=Cate.id WHERE Article.recommend = '是' ORDER BY Article.time desc LIMIT 3   [ RunTime:0.0010s ]
SQL: select DATE_FORMAT(time,"%Y-%m") as date_mon,count(*) as count from blog_article group by DATE_FORMAT(time,"%Y-%m") [ RunTime:0.0000s ]
SQL: SELECT COUNT(*) AS tp_count FROM blog_article Article LEFT JOIN blog_cate Cate ON Article.cateid=Cate.id WHERE Article.cateid = '10' LIMIT 1   [ RunTime:0.0000s ]
SQL: SELECT Article.id AS id,Article.title AS title,Article.descr AS descr,Article.pic AS pic,Article.time AS time,Article.cateid AS cateid,Article.recommend AS recommend,Cate.catename AS catename FROM blog_article Article LEFT JOIN blog_cate Cate ON Article.cateid=Cate.id WHERE Article.cateid = '10' ORDER BY Article.time desc LIMIT 0,3   [ RunTime:0.0010s ]
INFO: [ view_parse ] --START--
INFO: [ template_filter ] --START--
INFO: Run Behavior\ContentReplaceBehavior [ RunTime:0.000000s ]
INFO: [ template_filter ] --END-- [ RunTime:0.000000s ]
INFO: Run Behavior\ParseTemplateBehavior [ RunTime:0.022002s ]
INFO: [ view_parse ] --END-- [ RunTime:0.022002s ]
INFO: [ view_filter ] --START--
INFO: Run Behavior\WriteHtmlCacheBehavior [ RunTime:0.000000s ]
INFO: [ view_filter ] --END-- [ RunTime:0.001000s ]
INFO: [ app_end ] --START--
INFO: Run Behavior\ShowPageTraceBehavior [ RunTime:0.001000s ]
INFO: [ app_end ] --END-- [ RunTime:0.001000s ]

[ 2017-09-05T20:16:33+08:00 ] ::1 /blog/index.php/Home/Index/index
INFO: [ app_init ] --START--
INFO: Run Behavior\BuildLiteBehavior [ RunTime:0.000000s ]
INFO: [ app_init ] --END-- [ RunTime:0.001000s ]
INFO: [ app_begin ] --START--
INFO: Run Behavior\ReadHtmlCacheBehavior [ RunTime:0.001000s ]
INFO: [ app_begin ] --END-- [ RunTime:0.001000s ]
SQL: SHOW COLUMNS FROM `blog_cate` [ RunTime:0.0010s ]
SQL: SELECT * FROM `blog_cate` ORDER BY sort  [ RunTime:0.0000s ]
SQL: SHOW COLUMNS FROM `blog_article` [ RunTime:0.0010s ]
SQL: SELECT * FROM `blog_article` ORDER BY time desc LIMIT 6   [ RunTime:0.0010s ]
SQL: SHOW COLUMNS FROM `blog_link` [ RunTime:0.0010s ]
SQL: SELECT * FROM `blog_link`  [ RunTime:0.0000s ]
SQL: SHOW COLUMNS FROM `blog_article` [ RunTime:0.0010s ]
SQL: SHOW COLUMNS FROM `blog_cate` [ RunTime:0.0010s ]
SQL: SELECT Article.id AS id,Article.title AS title,Article.descr AS descr,Article.pic AS pic,Article.time AS time,Article.cateid AS cateid,Article.recommend AS recommend,Cate.catename AS catename FROM blog_article Article LEFT JOIN blog_cate Cate ON Article.cateid=Cate.id WHERE Article.recommend = '是' ORDER BY Article.time desc LIMIT 3   [ RunTime:0.0120s ]
SQL: select DATE_FORMAT(time,"%Y-%m") as date_mon,count(*) as count from blog_article group by DATE_FORMAT(time,"%Y-%m") [ RunTime:0.0000s ]
SQL: SELECT Article.id AS id,Article.title AS title,Article.descr AS descr,Article.pic AS pic,Article.time AS time,Article.cateid AS cateid,Article.recommend AS recommend,Cate.catename AS catename FROM blog_article Article LEFT JOIN blog_cate Cate ON Article.cateid=Cate.id ORDER BY Article.time desc LIMIT 4   [ RunTime:0.0010s ]
INFO: [ view_parse ] --START--
INFO: [ template_filter ] --START--
INFO: Run Behavior\ContentReplaceBehavior [ RunTime:0.001000s ]
INFO: [ template_filter ] --END-- [ RunTime:0.001000s ]
NOTIC: [8] Undefined variable: cateid F:\AppServ\www\blog\Application\Runtime\Cache\Home\2a94b8bda04ff446dcedd42276fc99ee.php 第 23 行.
NOTIC: [8] Undefined variable: cateid F:\AppServ\www\blog\Application\Runtime\Cache\Home\2a94b8bda04ff446dcedd42276fc99ee.php 第 23 行.
NOTIC: [8] Undefined variable: cateid F:\AppServ\www\blog\Application\Runtime\Cache\Home\2a94b8bda04ff446dcedd42276fc99ee.php 第 23 行.
NOTIC: [8] Undefined variable: cateid F:\AppServ\www\blog\Application\Runtime\Cache\Home\2a94b8bda04ff446dcedd42276fc99ee.php 第 23 行.
INFO: Run Behavior\ParseTemplateBehavior [ RunTime:0.019001s ]
INFO: [ view_parse ] --END-- [ RunTime:0.019001s ]
INFO: [ view_filter ] --START--
INFO: Run Behavior\WriteHtmlCacheBehavior [ RunTime:0.001000s ]
INFO: [ view_filter ] --END-- [ RunTime:0.001000s ]
INFO: [ app_end ] --START--
INFO: Run Behavior\ShowPageTraceBehavior [ RunTime:0.001000s ]
INFO: [ app_end ] --END-- [ RunTime:0.001000s ]

[ 2017-09-05T20:16:38+08:00 ] ::1 /blog/index.php/Home/Cate/index/cid/15
INFO: [ app_init ] --START--
INFO: Run Behavior\BuildLiteBehavior [ RunTime:0.000000s ]
INFO: [ app_init ] --END-- [ RunTime:0.001000s ]
INFO: [ app_begin ] --START--
INFO: Run Behavior\ReadHtmlCacheBehavior [ RunTime:0.001000s ]
INFO: [ app_begin ] --END-- [ RunTime:0.001000s ]
SQL: SHOW COLUMNS FROM `blog_cate` [ RunTime:0.0100s ]
SQL: SELECT * FROM `blog_cate` ORDER BY sort  [ RunTime:0.0020s ]
SQL: SHOW COLUMNS FROM `blog_article` [ RunTime:0.0020s ]
SQL: SELECT * FROM `blog_article` ORDER BY time desc LIMIT 6   [ RunTime:0.0010s ]
SQL: SHOW COLUMNS FROM `blog_link` [ RunTime:0.0020s ]
SQL: SELECT * FROM `blog_link`  [ RunTime:0.0010s ]
SQL: SHOW COLUMNS FROM `blog_article` [ RunTime:0.0010s ]
SQL: SHOW COLUMNS FROM `blog_cate` [ RunTime:0.0000s ]
SQL: SELECT Article.id AS id,Article.title AS title,Article.descr AS descr,Article.pic AS pic,Article.time AS time,Article.cateid AS cateid,Article.recommend AS recommend,Cate.catename AS catename FROM blog_article Article LEFT JOIN blog_cate Cate ON Article.cateid=Cate.id WHERE Article.recommend = '是' ORDER BY Article.time desc LIMIT 3   [ RunTime:0.0010s ]
SQL: select DATE_FORMAT(time,"%Y-%m") as date_mon,count(*) as count from blog_article group by DATE_FORMAT(time,"%Y-%m") [ RunTime:0.0010s ]
SQL: SELECT COUNT(*) AS tp_count FROM blog_article Article LEFT JOIN blog_cate Cate ON Article.cateid=Cate.id WHERE Article.cateid = '15' LIMIT 1   [ RunTime:0.0000s ]
SQL: SELECT Article.id AS id,Article.title AS title,Article.descr AS descr,Article.pic AS pic,Article.time AS time,Article.cateid AS cateid,Article.recommend AS recommend,Cate.catename AS catename FROM blog_article Article LEFT JOIN blog_cate Cate ON Article.cateid=Cate.id WHERE Article.cateid = '15' ORDER BY Article.time desc LIMIT 0,3   [ RunTime:0.0010s ]
INFO: [ view_parse ] --START--
INFO: [ template_filter ] --START--
INFO: Run Behavior\ContentReplaceBehavior [ RunTime:0.000000s ]
INFO: [ template_filter ] --END-- [ RunTime:0.000000s ]
INFO: Run Behavior\ParseTemplateBehavior [ RunTime:0.027001s ]
INFO: [ view_parse ] --END-- [ RunTime:0.028001s ]
INFO: [ view_filter ] --START--
INFO: Run Behavior\WriteHtmlCacheBehavior [ RunTime:0.000000s ]
INFO: [ view_filter ] --END-- [ RunTime:0.001000s ]
INFO: [ app_end ] --START--
INFO: Run Behavior\ShowPageTraceBehavior [ RunTime:0.002000s ]
INFO: [ app_end ] --END-- [ RunTime:0.002000s ]

